{"C:\\Users\\Uladzislau_Shastakou\\training_projects\\epam-react\\src\\App.tsx": {"path":"C:\\Users\\Uladzislau_Shastakou\\training_projects\\epam-react\\src\\App.tsx","statementMap":{"0":{"start":{"line":23,"column":47},"end":{"line":79,"column":1}},"1":{"start":{"line":24,"column":30},"end":{"line":24,"column":55}},"2":{"start":{"line":25,"column":28},"end":{"line":25,"column":80}},"3":{"start":{"line":27,"column":4},"end":{"line":78,"column":6}},"4":{"start":{"line":81,"column":24},"end":{"line":85,"column":1}},"5":{"start":{"line":82,"column":25},"end":{"line":82,"column":30}},"6":{"start":{"line":84,"column":4},"end":{"line":84,"column":50}}},"fnMap":{"0":{"name":"(anonymous_0)","decl":{"start":{"line":23,"column":47},"end":{"line":23,"column":48}},"loc":{"start":{"line":23,"column":64},"end":{"line":79,"column":1}},"line":23},"1":{"name":"(anonymous_1)","decl":{"start":{"line":81,"column":24},"end":{"line":81,"column":25}},"loc":{"start":{"line":81,"column":40},"end":{"line":85,"column":1}},"line":81}},"branchMap":{},"s":{"0":1,"1":1,"2":1,"3":1,"4":1,"5":1,"6":1},"f":{"0":1,"1":1},"b":{},"_coverageSchema":"1a1c01bbd47fc00a2c39e90264f33305004495a9","hash":"ca1db7f9ba49f927d7a4208710cc26481308bdf0"}
,"C:\\Users\\Uladzislau_Shastakou\\training_projects\\epam-react\\src\\components\\DeleteFilmForm\\DeleteFilmModal.tsx": {"path":"C:\\Users\\Uladzislau_Shastakou\\training_projects\\epam-react\\src\\components\\DeleteFilmForm\\DeleteFilmModal.tsx","statementMap":{"0":{"start":{"line":14,"column":71},"end":{"line":28,"column":1}},"1":{"start":{"line":15,"column":31},"end":{"line":18,"column":5}},"2":{"start":{"line":16,"column":8},"end":{"line":16,"column":27}},"3":{"start":{"line":17,"column":8},"end":{"line":17,"column":21}},"4":{"start":{"line":19,"column":4},"end":{"line":27,"column":6}},"5":{"start":{"line":24,"column":71},"end":{"line":24,"column":91}},"6":{"start":{"line":30,"column":27},"end":{"line":34,"column":1}},"7":{"start":{"line":31,"column":4},"end":{"line":33,"column":5}},"8":{"start":{"line":32,"column":40},"end":{"line":32,"column":73}}},"fnMap":{"0":{"name":"(anonymous_0)","decl":{"start":{"line":14,"column":71},"end":{"line":14,"column":72}},"loc":{"start":{"line":14,"column":109},"end":{"line":28,"column":1}},"line":14},"1":{"name":"(anonymous_1)","decl":{"start":{"line":15,"column":31},"end":{"line":15,"column":32}},"loc":{"start":{"line":15,"column":37},"end":{"line":18,"column":5}},"line":15},"2":{"name":"(anonymous_2)","decl":{"start":{"line":24,"column":65},"end":{"line":24,"column":66}},"loc":{"start":{"line":24,"column":71},"end":{"line":24,"column":91}},"line":24},"3":{"name":"(anonymous_3)","decl":{"start":{"line":30,"column":27},"end":{"line":30,"column":28}},"loc":{"start":{"line":30,"column":56},"end":{"line":34,"column":1}},"line":30},"4":{"name":"(anonymous_4)","decl":{"start":{"line":32,"column":20},"end":{"line":32,"column":21}},"loc":{"start":{"line":32,"column":40},"end":{"line":32,"column":73}},"line":32}},"branchMap":{},"s":{"0":1,"1":0,"2":0,"3":0,"4":0,"5":0,"6":1,"7":0,"8":0},"f":{"0":0,"1":0,"2":0,"3":0,"4":0},"b":{},"_coverageSchema":"1a1c01bbd47fc00a2c39e90264f33305004495a9","hash":"0b7b41009d51d4ddcbb77c1c759341e3aedc023f"}
,"C:\\Users\\Uladzislau_Shastakou\\training_projects\\epam-react\\src\\components\\FilmForm\\FilmForm.tsx": {"path":"C:\\Users\\Uladzislau_Shastakou\\training_projects\\epam-react\\src\\components\\FilmForm\\FilmForm.tsx","statementMap":{"0":{"start":{"line":16,"column":33},"end":{"line":22,"column":1}},"1":{"start":{"line":32,"column":57},"end":{"line":105,"column":1}},"2":{"start":{"line":33,"column":31},"end":{"line":57,"column":5}},"3":{"start":{"line":34,"column":75},"end":{"line":34,"column":81}},"4":{"start":{"line":35,"column":8},"end":{"line":55,"column":9}},"5":{"start":{"line":36,"column":12},"end":{"line":44,"column":15}},"6":{"start":{"line":46,"column":12},"end":{"line":54,"column":15}},"7":{"start":{"line":56,"column":8},"end":{"line":56,"column":21}},"8":{"start":{"line":59,"column":4},"end":{"line":104,"column":6}},"9":{"start":{"line":79,"column":34},"end":{"line":79,"column":60}},"10":{"start":{"line":82,"column":16},"end":{"line":101,"column":23}},"11":{"start":{"line":98,"column":78},"end":{"line":98,"column":89}},"12":{"start":{"line":107,"column":27},"end":{"line":112,"column":1}},"13":{"start":{"line":108,"column":4},"end":{"line":111,"column":6}},"14":{"start":{"line":109,"column":45},"end":{"line":109,"column":76}},"15":{"start":{"line":110,"column":61},"end":{"line":110,"column":100}}},"fnMap":{"0":{"name":"(anonymous_0)","decl":{"start":{"line":32,"column":57},"end":{"line":32,"column":58}},"loc":{"start":{"line":32,"column":125},"end":{"line":105,"column":1}},"line":32},"1":{"name":"(anonymous_1)","decl":{"start":{"line":33,"column":31},"end":{"line":33,"column":32}},"loc":{"start":{"line":33,"column":62},"end":{"line":57,"column":5}},"line":33},"2":{"name":"(anonymous_2)","decl":{"start":{"line":79,"column":22},"end":{"line":79,"column":23}},"loc":{"start":{"line":79,"column":34},"end":{"line":79,"column":60}},"line":79},"3":{"name":"(anonymous_3)","decl":{"start":{"line":81,"column":13},"end":{"line":81,"column":14}},"loc":{"start":{"line":82,"column":16},"end":{"line":101,"column":23}},"line":82},"4":{"name":"(anonymous_4)","decl":{"start":{"line":98,"column":72},"end":{"line":98,"column":73}},"loc":{"start":{"line":98,"column":78},"end":{"line":98,"column":89}},"line":98},"5":{"name":"(anonymous_5)","decl":{"start":{"line":107,"column":27},"end":{"line":107,"column":28}},"loc":{"start":{"line":107,"column":56},"end":{"line":112,"column":1}},"line":107},"6":{"name":"(anonymous_6)","decl":{"start":{"line":109,"column":20},"end":{"line":109,"column":21}},"loc":{"start":{"line":109,"column":45},"end":{"line":109,"column":76}},"line":109},"7":{"name":"(anonymous_7)","decl":{"start":{"line":110,"column":20},"end":{"line":110,"column":21}},"loc":{"start":{"line":110,"column":61},"end":{"line":110,"column":100}},"line":110}},"branchMap":{"0":{"loc":{"start":{"line":33,"column":32},"end":{"line":33,"column":57}},"type":"default-arg","locations":[{"start":{"line":33,"column":55},"end":{"line":33,"column":57}}],"line":33},"1":{"loc":{"start":{"line":35,"column":8},"end":{"line":55,"column":9}},"type":"if","locations":[{"start":{"line":35,"column":8},"end":{"line":55,"column":9}},{"start":{"line":35,"column":8},"end":{"line":55,"column":9}}],"line":35},"2":{"loc":{"start":{"line":36,"column":23},"end":{"line":36,"column":41}},"type":"binary-expr","locations":[{"start":{"line":36,"column":23},"end":{"line":36,"column":35}},{"start":{"line":36,"column":39},"end":{"line":36,"column":41}}],"line":36},"3":{"loc":{"start":{"line":62,"column":23},"end":{"line":62,"column":44}},"type":"binary-expr","locations":[{"start":{"line":62,"column":23},"end":{"line":62,"column":38}},{"start":{"line":62,"column":42},"end":{"line":62,"column":44}}],"line":62},"4":{"loc":{"start":{"line":63,"column":22},"end":{"line":63,"column":42}},"type":"binary-expr","locations":[{"start":{"line":63,"column":22},"end":{"line":63,"column":36}},{"start":{"line":63,"column":40},"end":{"line":63,"column":42}}],"line":63},"5":{"loc":{"start":{"line":64,"column":26},"end":{"line":64,"column":50}},"type":"binary-expr","locations":[{"start":{"line":64,"column":26},"end":{"line":64,"column":44}},{"start":{"line":64,"column":48},"end":{"line":64,"column":50}}],"line":64},"6":{"loc":{"start":{"line":65,"column":26},"end":{"line":65,"column":50}},"type":"binary-expr","locations":[{"start":{"line":65,"column":26},"end":{"line":65,"column":44}},{"start":{"line":65,"column":48},"end":{"line":65,"column":50}}],"line":65},"7":{"loc":{"start":{"line":66,"column":24},"end":{"line":66,"column":49}},"type":"binary-expr","locations":[{"start":{"line":66,"column":24},"end":{"line":66,"column":43}},{"start":{"line":66,"column":47},"end":{"line":66,"column":49}}],"line":66},"8":{"loc":{"start":{"line":67,"column":25},"end":{"line":67,"column":57}},"type":"binary-expr","locations":[{"start":{"line":67,"column":25},"end":{"line":67,"column":52}},{"start":{"line":67,"column":56},"end":{"line":67,"column":57}}],"line":67},"9":{"loc":{"start":{"line":68,"column":24},"end":{"line":68,"column":45}},"type":"binary-expr","locations":[{"start":{"line":68,"column":24},"end":{"line":68,"column":40}},{"start":{"line":68,"column":44},"end":{"line":68,"column":45}}],"line":68}},"s":{"0":2,"1":2,"2":2,"3":0,"4":0,"5":0,"6":0,"7":0,"8":2,"9":0,"10":6,"11":0,"12":2,"13":2,"14":0,"15":0},"f":{"0":2,"1":0,"2":0,"3":6,"4":0,"5":2,"6":0,"7":0},"b":{"0":[0],"1":[0,0],"2":[0,0],"3":[2,2],"4":[2,2],"5":[2,2],"6":[2,2],"7":[2,2],"8":[2,2],"9":[2,2]},"_coverageSchema":"1a1c01bbd47fc00a2c39e90264f33305004495a9","hash":"057643360c1dca23b62667411c0213d792f38a83"}
,"C:\\Users\\Uladzislau_Shastakou\\training_projects\\epam-react\\src\\components\\FilmForm\\FillFormInput\\FillFormInput.tsx": {"path":"C:\\Users\\Uladzislau_Shastakou\\training_projects\\epam-react\\src\\components\\FilmForm\\FillFormInput\\FillFormInput.tsx","statementMap":{"0":{"start":{"line":15,"column":52},"end":{"line":27,"column":1}},"1":{"start":{"line":16,"column":26},"end":{"line":16,"column":41}},"2":{"start":{"line":18,"column":4},"end":{"line":26,"column":6}}},"fnMap":{"0":{"name":"(anonymous_0)","decl":{"start":{"line":15,"column":52},"end":{"line":15,"column":53}},"loc":{"start":{"line":15,"column":77},"end":{"line":27,"column":1}},"line":15}},"branchMap":{"0":{"loc":{"start":{"line":20,"column":28},"end":{"line":20,"column":50}},"type":"binary-expr","locations":[{"start":{"line":20,"column":28},"end":{"line":20,"column":36}},{"start":{"line":20,"column":40},"end":{"line":20,"column":50}}],"line":20},"1":{"loc":{"start":{"line":22,"column":13},"end":{"line":24,"column":20}},"type":"cond-expr","locations":[{"start":{"line":23,"column":16},"end":{"line":23,"column":57}},{"start":{"line":24,"column":16},"end":{"line":24,"column":20}}],"line":22},"2":{"loc":{"start":{"line":22,"column":13},"end":{"line":22,"column":39}},"type":"binary-expr","locations":[{"start":{"line":22,"column":13},"end":{"line":22,"column":25}},{"start":{"line":22,"column":29},"end":{"line":22,"column":39}}],"line":22}},"s":{"0":2,"1":36,"2":36},"f":{"0":36},"b":{"0":[36,36],"1":[8,28],"2":[36,24]},"_coverageSchema":"1a1c01bbd47fc00a2c39e90264f33305004495a9","hash":"cb9276bd24be69f1d0e495f017e49b58d9b01ff6"}
,"C:\\Users\\Uladzislau_Shastakou\\training_projects\\epam-react\\src\\components\\FilmForm\\FillFormSelect\\FillFormSelect.tsx": {"path":"C:\\Users\\Uladzislau_Shastakou\\training_projects\\epam-react\\src\\components\\FilmForm\\FillFormSelect\\FillFormSelect.tsx","statementMap":{"0":{"start":{"line":14,"column":53},"end":{"line":25,"column":1}},"1":{"start":{"line":15,"column":26},"end":{"line":15,"column":41}},"2":{"start":{"line":16,"column":4},"end":{"line":24,"column":6}}},"fnMap":{"0":{"name":"(anonymous_0)","decl":{"start":{"line":14,"column":53},"end":{"line":14,"column":54}},"loc":{"start":{"line":14,"column":78},"end":{"line":25,"column":1}},"line":14}},"branchMap":{"0":{"loc":{"start":{"line":18,"column":28},"end":{"line":18,"column":50}},"type":"binary-expr","locations":[{"start":{"line":18,"column":28},"end":{"line":18,"column":36}},{"start":{"line":18,"column":40},"end":{"line":18,"column":50}}],"line":18},"1":{"loc":{"start":{"line":20,"column":13},"end":{"line":22,"column":20}},"type":"cond-expr","locations":[{"start":{"line":21,"column":16},"end":{"line":21,"column":57}},{"start":{"line":22,"column":16},"end":{"line":22,"column":20}}],"line":20},"2":{"loc":{"start":{"line":20,"column":13},"end":{"line":20,"column":39}},"type":"binary-expr","locations":[{"start":{"line":20,"column":13},"end":{"line":20,"column":25}},{"start":{"line":20,"column":29},"end":{"line":20,"column":39}}],"line":20}},"s":{"0":2,"1":6,"2":6},"f":{"0":6},"b":{"0":[6,6],"1":[2,4],"2":[6,4]},"_coverageSchema":"1a1c01bbd47fc00a2c39e90264f33305004495a9","hash":"d7290dbb2c9f34b17b5289f3dce868561ddae338"}
,"C:\\Users\\Uladzislau_Shastakou\\training_projects\\epam-react\\src\\components\\FilmsList\\FilmsList.tsx": {"path":"C:\\Users\\Uladzislau_Shastakou\\training_projects\\epam-react\\src\\components\\FilmsList\\FilmsList.tsx","statementMap":{"0":{"start":{"line":12,"column":59},"end":{"line":31,"column":1}},"1":{"start":{"line":13,"column":28},"end":{"line":13,"column":62}},"2":{"start":{"line":14,"column":20},"end":{"line":14,"column":32}},"3":{"start":{"line":15,"column":24},"end":{"line":15,"column":96}},"4":{"start":{"line":15,"column":47},"end":{"line":15,"column":95}},"5":{"start":{"line":17,"column":4},"end":{"line":21,"column":22}},"6":{"start":{"line":18,"column":8},"end":{"line":20,"column":9}},"7":{"start":{"line":19,"column":12},"end":{"line":19,"column":39}},"8":{"start":{"line":23,"column":4},"end":{"line":30,"column":5}},"9":{"start":{"line":27,"column":41},"end":{"line":27,"column":78}}},"fnMap":{"0":{"name":"(anonymous_0)","decl":{"start":{"line":12,"column":59},"end":{"line":12,"column":60}},"loc":{"start":{"line":12,"column":72},"end":{"line":31,"column":1}},"line":12},"1":{"name":"(anonymous_1)","decl":{"start":{"line":15,"column":37},"end":{"line":15,"column":38}},"loc":{"start":{"line":15,"column":47},"end":{"line":15,"column":95}},"line":15},"2":{"name":"(anonymous_2)","decl":{"start":{"line":17,"column":14},"end":{"line":17,"column":15}},"loc":{"start":{"line":17,"column":20},"end":{"line":21,"column":5}},"line":17},"3":{"name":"(anonymous_3)","decl":{"start":{"line":27,"column":33},"end":{"line":27,"column":34}},"loc":{"start":{"line":27,"column":41},"end":{"line":27,"column":78}},"line":27}},"branchMap":{"0":{"loc":{"start":{"line":15,"column":47},"end":{"line":15,"column":95}},"type":"binary-expr","locations":[{"start":{"line":15,"column":47},"end":{"line":15,"column":59}},{"start":{"line":15,"column":63},"end":{"line":15,"column":95}}],"line":15},"1":{"loc":{"start":{"line":18,"column":8},"end":{"line":20,"column":9}},"type":"if","locations":[{"start":{"line":18,"column":8},"end":{"line":20,"column":9}},{"start":{"line":18,"column":8},"end":{"line":20,"column":9}}],"line":18},"2":{"loc":{"start":{"line":18,"column":12},"end":{"line":18,"column":51}},"type":"binary-expr","locations":[{"start":{"line":18,"column":12},"end":{"line":18,"column":23}},{"start":{"line":18,"column":27},"end":{"line":18,"column":51}}],"line":18}},"s":{"0":1,"1":1,"2":1,"3":1,"4":0,"5":1,"6":1,"7":0,"8":1,"9":0},"f":{"0":1,"1":0,"2":1,"3":0},"b":{"0":[0,0],"1":[0,1],"2":[1,0]},"_coverageSchema":"1a1c01bbd47fc00a2c39e90264f33305004495a9","hash":"0c7568346e0e4d93e95787465415ed078fc2c51f"}
,"C:\\Users\\Uladzislau_Shastakou\\training_projects\\epam-react\\src\\components\\FilmsList\\FilmCard\\FilmCard.tsx": {"path":"C:\\Users\\Uladzislau_Shastakou\\training_projects\\epam-react\\src\\components\\FilmsList\\FilmCard\\FilmCard.tsx","statementMap":{"0":{"start":{"line":18,"column":57},"end":{"line":80,"column":1}},"1":{"start":{"line":19,"column":36},"end":{"line":19,"column":118}},"2":{"start":{"line":21,"column":24},"end":{"line":23,"column":5}},"3":{"start":{"line":22,"column":8},"end":{"line":22,"column":41}},"4":{"start":{"line":25,"column":24},"end":{"line":27,"column":5}},"5":{"start":{"line":26,"column":8},"end":{"line":26,"column":26}},"6":{"start":{"line":29,"column":45},"end":{"line":29,"column":55}},"7":{"start":{"line":31,"column":29},"end":{"line":34,"column":5}},"8":{"start":{"line":32,"column":8},"end":{"line":32,"column":26}},"9":{"start":{"line":33,"column":8},"end":{"line":33,"column":22}},"10":{"start":{"line":36,"column":49},"end":{"line":36,"column":59}},"11":{"start":{"line":38,"column":31},"end":{"line":41,"column":5}},"12":{"start":{"line":39,"column":8},"end":{"line":39,"column":28}},"13":{"start":{"line":40,"column":8},"end":{"line":40,"column":22}},"14":{"start":{"line":43,"column":4},"end":{"line":79,"column":5}}},"fnMap":{"0":{"name":"(anonymous_0)","decl":{"start":{"line":18,"column":57},"end":{"line":18,"column":58}},"loc":{"start":{"line":18,"column":69},"end":{"line":80,"column":1}},"line":18},"1":{"name":"(anonymous_1)","decl":{"start":{"line":21,"column":24},"end":{"line":21,"column":25}},"loc":{"start":{"line":21,"column":69},"end":{"line":23,"column":5}},"line":21},"2":{"name":"(anonymous_2)","decl":{"start":{"line":25,"column":24},"end":{"line":25,"column":25}},"loc":{"start":{"line":25,"column":30},"end":{"line":27,"column":5}},"line":25},"3":{"name":"(anonymous_3)","decl":{"start":{"line":31,"column":29},"end":{"line":31,"column":30}},"loc":{"start":{"line":31,"column":35},"end":{"line":34,"column":5}},"line":31},"4":{"name":"(anonymous_4)","decl":{"start":{"line":38,"column":31},"end":{"line":38,"column":32}},"loc":{"start":{"line":38,"column":37},"end":{"line":41,"column":5}},"line":38}},"branchMap":{"0":{"loc":{"start":{"line":68,"column":13},"end":{"line":72,"column":20}},"type":"cond-expr","locations":[{"start":{"line":69,"column":16},"end":{"line":71,"column":24}},{"start":{"line":72,"column":16},"end":{"line":72,"column":20}}],"line":68},"1":{"loc":{"start":{"line":73,"column":13},"end":{"line":77,"column":20}},"type":"cond-expr","locations":[{"start":{"line":74,"column":16},"end":{"line":76,"column":24}},{"start":{"line":77,"column":16},"end":{"line":77,"column":20}}],"line":73},"2":{"loc":{"start":{"line":75,"column":45},"end":{"line":75,"column":58}},"type":"binary-expr","locations":[{"start":{"line":75,"column":45},"end":{"line":75,"column":52}},{"start":{"line":75,"column":56},"end":{"line":75,"column":58}}],"line":75}},"s":{"0":1,"1":0,"2":0,"3":0,"4":0,"5":0,"6":0,"7":0,"8":0,"9":0,"10":0,"11":0,"12":0,"13":0,"14":0},"f":{"0":0,"1":0,"2":0,"3":0,"4":0},"b":{"0":[0,0],"1":[0,0],"2":[0,0]},"_coverageSchema":"1a1c01bbd47fc00a2c39e90264f33305004495a9","hash":"907636b83b7fb6f614cd3bbe09148ed2ea243333"}
,"C:\\Users\\Uladzislau_Shastakou\\training_projects\\epam-react\\src\\components\\Footer\\Footer.tsx": {"path":"C:\\Users\\Uladzislau_Shastakou\\training_projects\\epam-react\\src\\components\\Footer\\Footer.tsx","statementMap":{"0":{"start":{"line":5,"column":40},"end":{"line":7,"column":1}},"1":{"start":{"line":6,"column":4},"end":{"line":6,"column":33}}},"fnMap":{"0":{"name":"(anonymous_0)","decl":{"start":{"line":5,"column":40},"end":{"line":5,"column":41}},"loc":{"start":{"line":6,"column":4},"end":{"line":6,"column":33}},"line":6}},"branchMap":{},"s":{"0":2,"1":2},"f":{"0":2},"b":{},"_coverageSchema":"1a1c01bbd47fc00a2c39e90264f33305004495a9","hash":"136c529cde0d3f5fcb1b88d8ce3c832e890cae7f"}
,"C:\\Users\\Uladzislau_Shastakou\\training_projects\\epam-react\\src\\components\\Header\\Header.tsx": {"path":"C:\\Users\\Uladzislau_Shastakou\\training_projects\\epam-react\\src\\components\\Header\\Header.tsx","statementMap":{"0":{"start":{"line":5,"column":40},"end":{"line":9,"column":1}},"1":{"start":{"line":6,"column":4},"end":{"line":8,"column":13}}},"fnMap":{"0":{"name":"(anonymous_0)","decl":{"start":{"line":5,"column":40},"end":{"line":5,"column":41}},"loc":{"start":{"line":6,"column":4},"end":{"line":8,"column":13}},"line":6}},"branchMap":{},"s":{"0":1,"1":1},"f":{"0":1},"b":{},"_coverageSchema":"1a1c01bbd47fc00a2c39e90264f33305004495a9","hash":"f66fcf2580fd22f9182dd5429f344f458cacca2f"}
,"C:\\Users\\Uladzislau_Shastakou\\training_projects\\epam-react\\src\\components\\Header\\HeaderFilm\\HeaderFilm.tsx": {"path":"C:\\Users\\Uladzislau_Shastakou\\training_projects\\epam-react\\src\\components\\Header\\HeaderFilm\\HeaderFilm.tsx","statementMap":{"0":{"start":{"line":12,"column":61},"end":{"line":43,"column":1}},"1":{"start":{"line":13,"column":23},"end":{"line":13,"column":52}},"2":{"start":{"line":17,"column":8},"end":{"line":17,"column":69}},"3":{"start":{"line":17,"column":27},"end":{"line":17,"column":45}},"4":{"start":{"line":19,"column":4},"end":{"line":42,"column":6}}},"fnMap":{"0":{"name":"(anonymous_0)","decl":{"start":{"line":12,"column":61},"end":{"line":12,"column":62}},"loc":{"start":{"line":12,"column":74},"end":{"line":43,"column":1}},"line":12},"1":{"name":"(anonymous_1)","decl":{"start":{"line":17,"column":19},"end":{"line":17,"column":20}},"loc":{"start":{"line":17,"column":27},"end":{"line":17,"column":45}},"line":17}},"branchMap":{"0":{"loc":{"start":{"line":16,"column":8},"end":{"line":16,"column":18}},"type":"default-arg","locations":[{"start":{"line":16,"column":16},"end":{"line":16,"column":18}}],"line":16},"1":{"loc":{"start":{"line":16,"column":20},"end":{"line":16,"column":33}},"type":"default-arg","locations":[{"start":{"line":16,"column":31},"end":{"line":16,"column":33}}],"line":16},"2":{"loc":{"start":{"line":16,"column":35},"end":{"line":16,"column":45}},"type":"default-arg","locations":[{"start":{"line":16,"column":44},"end":{"line":16,"column":45}}],"line":16},"3":{"loc":{"start":{"line":16,"column":47},"end":{"line":16,"column":58}},"type":"default-arg","locations":[{"start":{"line":16,"column":56},"end":{"line":16,"column":58}}],"line":16},"4":{"loc":{"start":{"line":16,"column":60},"end":{"line":16,"column":69}},"type":"default-arg","locations":[{"start":{"line":16,"column":67},"end":{"line":16,"column":69}}],"line":16},"5":{"loc":{"start":{"line":16,"column":71},"end":{"line":16,"column":92}},"type":"default-arg","locations":[{"start":{"line":16,"column":91},"end":{"line":16,"column":92}}],"line":16},"6":{"loc":{"start":{"line":16,"column":94},"end":{"line":16,"column":107}},"type":"default-arg","locations":[{"start":{"line":16,"column":105},"end":{"line":16,"column":107}}],"line":16},"7":{"loc":{"start":{"line":17,"column":8},"end":{"line":17,"column":69}},"type":"binary-expr","locations":[{"start":{"line":17,"column":8},"end":{"line":17,"column":63}},{"start":{"line":17,"column":67},"end":{"line":17,"column":69}}],"line":17}},"s":{"0":1,"1":0,"2":0,"3":0,"4":0},"f":{"0":0,"1":0},"b":{"0":[0],"1":[0],"2":[0],"3":[0],"4":[0],"5":[0],"6":[0],"7":[0,0]},"_coverageSchema":"1a1c01bbd47fc00a2c39e90264f33305004495a9","hash":"813c6269faebfba91d14ee60aaf6c7b8adb7e492"}
,"C:\\Users\\Uladzislau_Shastakou\\training_projects\\epam-react\\src\\components\\Header\\HeaderSearch\\HeaderSearch.tsx": {"path":"C:\\Users\\Uladzislau_Shastakou\\training_projects\\epam-react\\src\\components\\Header\\HeaderSearch\\HeaderSearch.tsx","statementMap":{"0":{"start":{"line":12,"column":46},"end":{"line":37,"column":1}},"1":{"start":{"line":13,"column":37},"end":{"line":13,"column":47}},"2":{"start":{"line":14,"column":42},"end":{"line":14,"column":54}},"3":{"start":{"line":16,"column":4},"end":{"line":36,"column":6}}},"fnMap":{"0":{"name":"(anonymous_0)","decl":{"start":{"line":12,"column":46},"end":{"line":12,"column":47}},"loc":{"start":{"line":12,"column":52},"end":{"line":37,"column":1}},"line":12}},"branchMap":{"0":{"loc":{"start":{"line":30,"column":13},"end":{"line":34,"column":20}},"type":"cond-expr","locations":[{"start":{"line":31,"column":16},"end":{"line":33,"column":24}},{"start":{"line":34,"column":16},"end":{"line":34,"column":20}}],"line":30}},"s":{"0":1,"1":1,"2":1,"3":1},"f":{"0":1},"b":{"0":[0,1]},"_coverageSchema":"1a1c01bbd47fc00a2c39e90264f33305004495a9","hash":"b3103a3dc00349a2736e93923c22d9987e7c9091"}
,"C:\\Users\\Uladzislau_Shastakou\\training_projects\\epam-react\\src\\components\\Main\\Main.tsx": {"path":"C:\\Users\\Uladzislau_Shastakou\\training_projects\\epam-react\\src\\components\\Main\\Main.tsx","statementMap":{"0":{"start":{"line":5,"column":38},"end":{"line":9,"column":1}},"1":{"start":{"line":6,"column":4},"end":{"line":8,"column":11}}},"fnMap":{"0":{"name":"(anonymous_0)","decl":{"start":{"line":5,"column":38},"end":{"line":5,"column":39}},"loc":{"start":{"line":6,"column":4},"end":{"line":8,"column":11}},"line":6}},"branchMap":{},"s":{"0":1,"1":1},"f":{"0":1},"b":{},"_coverageSchema":"1a1c01bbd47fc00a2c39e90264f33305004495a9","hash":"5d8390cbb61a0ff9bcbeba27ddc3bd10249402cc"}
,"C:\\Users\\Uladzislau_Shastakou\\training_projects\\epam-react\\src\\components\\NoFilmsFound\\NoFilmsFound.tsx": {"path":"C:\\Users\\Uladzislau_Shastakou\\training_projects\\epam-react\\src\\components\\NoFilmsFound\\NoFilmsFound.tsx","statementMap":{"0":{"start":{"line":5,"column":46},"end":{"line":7,"column":1}},"1":{"start":{"line":6,"column":4},"end":{"line":6,"column":59}}},"fnMap":{"0":{"name":"(anonymous_0)","decl":{"start":{"line":5,"column":46},"end":{"line":5,"column":47}},"loc":{"start":{"line":6,"column":4},"end":{"line":6,"column":59}},"line":6}},"branchMap":{},"s":{"0":1,"1":0},"f":{"0":0},"b":{},"_coverageSchema":"1a1c01bbd47fc00a2c39e90264f33305004495a9","hash":"4d70d29ae5c49aa29a6fa9aec3ec9b16ea4f87de"}
,"C:\\Users\\Uladzislau_Shastakou\\training_projects\\epam-react\\src\\components\\NoMatch\\NoMatch.tsx": {"path":"C:\\Users\\Uladzislau_Shastakou\\training_projects\\epam-react\\src\\components\\NoMatch\\NoMatch.tsx","statementMap":{"0":{"start":{"line":8,"column":41},"end":{"line":21,"column":1}},"1":{"start":{"line":9,"column":21},"end":{"line":9,"column":34}},"2":{"start":{"line":11,"column":4},"end":{"line":20,"column":6}}},"fnMap":{"0":{"name":"(anonymous_0)","decl":{"start":{"line":8,"column":41},"end":{"line":8,"column":42}},"loc":{"start":{"line":8,"column":47},"end":{"line":21,"column":1}},"line":8}},"branchMap":{},"s":{"0":1,"1":0,"2":0},"f":{"0":0},"b":{},"_coverageSchema":"1a1c01bbd47fc00a2c39e90264f33305004495a9","hash":"490fc1f2325f697fb0e7c085cc58e0c24112c46a"}
,"C:\\Users\\Uladzislau_Shastakou\\training_projects\\epam-react\\src\\components\\Search\\Search.tsx": {"path":"C:\\Users\\Uladzislau_Shastakou\\training_projects\\epam-react\\src\\components\\Search\\Search.tsx","statementMap":{"0":{"start":{"line":10,"column":53},"end":{"line":19,"column":1}},"1":{"start":{"line":11,"column":4},"end":{"line":18,"column":10}},"2":{"start":{"line":17,"column":53},"end":{"line":17,"column":87}}},"fnMap":{"0":{"name":"(anonymous_0)","decl":{"start":{"line":10,"column":53},"end":{"line":10,"column":54}},"loc":{"start":{"line":11,"column":4},"end":{"line":18,"column":10}},"line":11},"1":{"name":"(anonymous_1)","decl":{"start":{"line":17,"column":42},"end":{"line":17,"column":43}},"loc":{"start":{"line":17,"column":53},"end":{"line":17,"column":87}},"line":17}},"branchMap":{},"s":{"0":1,"1":1,"2":0},"f":{"0":1,"1":0},"b":{},"_coverageSchema":"1a1c01bbd47fc00a2c39e90264f33305004495a9","hash":"18184341763acb7e7421e6dc1c3a0b1ab0f8f198"}
,"C:\\Users\\Uladzislau_Shastakou\\training_projects\\epam-react\\src\\components\\SortingFilms\\SortingFilms.tsx": {"path":"C:\\Users\\Uladzislau_Shastakou\\training_projects\\epam-react\\src\\components\\SortingFilms\\SortingFilms.tsx","statementMap":{"0":{"start":{"line":16,"column":31},"end":{"line":22,"column":1}},"1":{"start":{"line":24,"column":37},"end":{"line":27,"column":1}},"2":{"start":{"line":29,"column":65},"end":{"line":58,"column":1}},"3":{"start":{"line":30,"column":32},"end":{"line":30,"column":52}},"4":{"start":{"line":32,"column":32},"end":{"line":39,"column":5}},"5":{"start":{"line":33,"column":26},"end":{"line":33,"column":99}},"6":{"start":{"line":33,"column":47},"end":{"line":33,"column":97}},"7":{"start":{"line":35,"column":8},"end":{"line":35,"column":31}},"8":{"start":{"line":36,"column":8},"end":{"line":36,"column":29}},"9":{"start":{"line":38,"column":8},"end":{"line":38,"column":84}},"10":{"start":{"line":38,"column":47},"end":{"line":38,"column":66}},"11":{"start":{"line":41,"column":34},"end":{"line":41,"column":55}},"12":{"start":{"line":43,"column":33},"end":{"line":50,"column":5}},"13":{"start":{"line":44,"column":27},"end":{"line":44,"column":104}},"14":{"start":{"line":44,"column":50},"end":{"line":44,"column":102}},"15":{"start":{"line":46,"column":8},"end":{"line":46,"column":33}},"16":{"start":{"line":47,"column":8},"end":{"line":47,"column":31}},"17":{"start":{"line":49,"column":8},"end":{"line":49,"column":113}},"18":{"start":{"line":49,"column":47},"end":{"line":49,"column":67}},"19":{"start":{"line":52,"column":4},"end":{"line":57,"column":6}},"20":{"start":{"line":60,"column":27},"end":{"line":65,"column":1}},"21":{"start":{"line":61,"column":4},"end":{"line":64,"column":6}},"22":{"start":{"line":62,"column":47},"end":{"line":62,"column":77}},"23":{"start":{"line":63,"column":44},"end":{"line":63,"column":76}}},"fnMap":{"0":{"name":"(anonymous_0)","decl":{"start":{"line":29,"column":65},"end":{"line":29,"column":66}},"loc":{"start":{"line":29,"column":95},"end":{"line":58,"column":1}},"line":29},"1":{"name":"(anonymous_1)","decl":{"start":{"line":32,"column":32},"end":{"line":32,"column":33}},"loc":{"start":{"line":32,"column":59},"end":{"line":39,"column":5}},"line":32},"2":{"name":"(anonymous_2)","decl":{"start":{"line":33,"column":37},"end":{"line":33,"column":38}},"loc":{"start":{"line":33,"column":47},"end":{"line":33,"column":97}},"line":33},"3":{"name":"(anonymous_3)","decl":{"start":{"line":38,"column":35},"end":{"line":38,"column":36}},"loc":{"start":{"line":38,"column":47},"end":{"line":38,"column":66}},"line":38},"4":{"name":"(anonymous_4)","decl":{"start":{"line":43,"column":33},"end":{"line":43,"column":34}},"loc":{"start":{"line":43,"column":60},"end":{"line":50,"column":5}},"line":43},"5":{"name":"(anonymous_5)","decl":{"start":{"line":44,"column":39},"end":{"line":44,"column":40}},"loc":{"start":{"line":44,"column":50},"end":{"line":44,"column":102}},"line":44},"6":{"name":"(anonymous_6)","decl":{"start":{"line":49,"column":34},"end":{"line":49,"column":35}},"loc":{"start":{"line":49,"column":47},"end":{"line":49,"column":67}},"line":49},"7":{"name":"(anonymous_7)","decl":{"start":{"line":60,"column":27},"end":{"line":60,"column":28}},"loc":{"start":{"line":60,"column":56},"end":{"line":65,"column":1}},"line":60},"8":{"name":"(anonymous_8)","decl":{"start":{"line":62,"column":19},"end":{"line":62,"column":20}},"loc":{"start":{"line":62,"column":47},"end":{"line":62,"column":77}},"line":62},"9":{"name":"(anonymous_9)","decl":{"start":{"line":63,"column":21},"end":{"line":63,"column":22}},"loc":{"start":{"line":63,"column":44},"end":{"line":63,"column":76}},"line":63}},"branchMap":{"0":{"loc":{"start":{"line":38,"column":20},"end":{"line":38,"column":82}},"type":"binary-expr","locations":[{"start":{"line":38,"column":20},"end":{"line":38,"column":73}},{"start":{"line":38,"column":77},"end":{"line":38,"column":82}}],"line":38},"1":{"loc":{"start":{"line":49,"column":18},"end":{"line":49,"column":111}},"type":"binary-expr","locations":[{"start":{"line":49,"column":18},"end":{"line":49,"column":89}},{"start":{"line":49,"column":93},"end":{"line":49,"column":111}}],"line":49}},"s":{"0":1,"1":1,"2":1,"3":1,"4":1,"5":0,"6":0,"7":0,"8":0,"9":0,"10":0,"11":1,"12":1,"13":0,"14":0,"15":0,"16":0,"17":0,"18":0,"19":1,"20":1,"21":1,"22":0,"23":0},"f":{"0":1,"1":0,"2":0,"3":0,"4":0,"5":0,"6":0,"7":1,"8":0,"9":0},"b":{"0":[0,0],"1":[0,0]},"_coverageSchema":"1a1c01bbd47fc00a2c39e90264f33305004495a9","hash":"061e95e7ca3307308a607385ae0436938de38296"}
,"C:\\Users\\Uladzislau_Shastakou\\training_projects\\epam-react\\src\\components\\SortingFilms\\SortingByDate\\Filter.tsx": {"path":"C:\\Users\\Uladzislau_Shastakou\\training_projects\\epam-react\\src\\components\\SortingFilms\\SortingByDate\\Filter.tsx","statementMap":{"0":{"start":{"line":16,"column":53},"end":{"line":27,"column":1}},"1":{"start":{"line":17,"column":4},"end":{"line":26,"column":10}},"2":{"start":{"line":20,"column":49},"end":{"line":20,"column":66}},"3":{"start":{"line":21,"column":33},"end":{"line":21,"column":64}},"4":{"start":{"line":24,"column":35},"end":{"line":24,"column":132}}},"fnMap":{"0":{"name":"(anonymous_0)","decl":{"start":{"line":16,"column":53},"end":{"line":16,"column":54}},"loc":{"start":{"line":17,"column":4},"end":{"line":26,"column":10}},"line":17},"1":{"name":"(anonymous_1)","decl":{"start":{"line":20,"column":39},"end":{"line":20,"column":40}},"loc":{"start":{"line":20,"column":49},"end":{"line":20,"column":66}},"line":20},"2":{"name":"(anonymous_2)","decl":{"start":{"line":21,"column":22},"end":{"line":21,"column":23}},"loc":{"start":{"line":21,"column":33},"end":{"line":21,"column":64}},"line":21},"3":{"name":"(anonymous_3)","decl":{"start":{"line":24,"column":25},"end":{"line":24,"column":26}},"loc":{"start":{"line":24,"column":35},"end":{"line":24,"column":132}},"line":24}},"branchMap":{},"s":{"0":1,"1":1,"2":1,"3":0,"4":2},"f":{"0":1,"1":1,"2":0,"3":2},"b":{},"_coverageSchema":"1a1c01bbd47fc00a2c39e90264f33305004495a9","hash":"7ae752d11a11689d8757f732aa7badf34ac527e4"}
,"C:\\Users\\Uladzislau_Shastakou\\training_projects\\epam-react\\src\\components\\SortingFilms\\SortingByGenre\\SortingByGenre.tsx": {"path":"C:\\Users\\Uladzislau_Shastakou\\training_projects\\epam-react\\src\\components\\SortingFilms\\SortingByGenre\\SortingByGenre.tsx","statementMap":{"0":{"start":{"line":16,"column":69},"end":{"line":20,"column":1}},"1":{"start":{"line":17,"column":4},"end":{"line":19,"column":9}},"2":{"start":{"line":18,"column":31},"end":{"line":18,"column":161}},"3":{"start":{"line":18,"column":123},"end":{"line":18,"column":142}}},"fnMap":{"0":{"name":"(anonymous_0)","decl":{"start":{"line":16,"column":69},"end":{"line":16,"column":70}},"loc":{"start":{"line":17,"column":4},"end":{"line":19,"column":9}},"line":17},"1":{"name":"(anonymous_1)","decl":{"start":{"line":18,"column":20},"end":{"line":18,"column":21}},"loc":{"start":{"line":18,"column":31},"end":{"line":18,"column":161}},"line":18},"2":{"name":"(anonymous_2)","decl":{"start":{"line":18,"column":117},"end":{"line":18,"column":118}},"loc":{"start":{"line":18,"column":123},"end":{"line":18,"column":142}},"line":18}},"branchMap":{"0":{"loc":{"start":{"line":18,"column":61},"end":{"line":18,"column":106}},"type":"cond-expr","locations":[{"start":{"line":18,"column":80},"end":{"line":18,"column":96}},{"start":{"line":18,"column":99},"end":{"line":18,"column":106}}],"line":18}},"s":{"0":1,"1":1,"2":5,"3":0},"f":{"0":1,"1":5,"2":0},"b":{"0":[1,4]},"_coverageSchema":"1a1c01bbd47fc00a2c39e90264f33305004495a9","hash":"4559a2ff243fa1d1b2befbc831d3c6b709795354"}
,"C:\\Users\\Uladzislau_Shastakou\\training_projects\\epam-react\\src\\components\\Wrapper\\Wrapper.tsx": {"path":"C:\\Users\\Uladzislau_Shastakou\\training_projects\\epam-react\\src\\components\\Wrapper\\Wrapper.tsx","statementMap":{"0":{"start":{"line":5,"column":41},"end":{"line":11,"column":1}},"1":{"start":{"line":6,"column":4},"end":{"line":10,"column":10}}},"fnMap":{"0":{"name":"(anonymous_0)","decl":{"start":{"line":5,"column":41},"end":{"line":5,"column":42}},"loc":{"start":{"line":6,"column":4},"end":{"line":10,"column":10}},"line":6}},"branchMap":{},"s":{"0":1,"1":1},"f":{"0":1},"b":{},"_coverageSchema":"1a1c01bbd47fc00a2c39e90264f33305004495a9","hash":"f8fdb9ef8eb97274a7a1b235f08c701d002432eb"}
,"C:\\Users\\Uladzislau_Shastakou\\training_projects\\epam-react\\src\\components\\common\\Button\\Button.tsx": {"path":"C:\\Users\\Uladzislau_Shastakou\\training_projects\\epam-react\\src\\components\\common\\Button\\Button.tsx","statementMap":{"0":{"start":{"line":12,"column":53},"end":{"line":16,"column":1}},"1":{"start":{"line":13,"column":4},"end":{"line":15,"column":13}},"2":{"start":{"line":13,"column":85},"end":{"line":13,"column":103}}},"fnMap":{"0":{"name":"(anonymous_0)","decl":{"start":{"line":12,"column":53},"end":{"line":12,"column":54}},"loc":{"start":{"line":13,"column":4},"end":{"line":15,"column":13}},"line":13},"1":{"name":"(anonymous_1)","decl":{"start":{"line":13,"column":79},"end":{"line":13,"column":80}},"loc":{"start":{"line":13,"column":85},"end":{"line":13,"column":103}},"line":13}},"branchMap":{"0":{"loc":{"start":{"line":13,"column":23},"end":{"line":13,"column":68}},"type":"cond-expr","locations":[{"start":{"line":13,"column":33},"end":{"line":13,"column":49}},{"start":{"line":13,"column":52},"end":{"line":13,"column":68}}],"line":13},"1":{"loc":{"start":{"line":13,"column":85},"end":{"line":13,"column":103}},"type":"binary-expr","locations":[{"start":{"line":13,"column":85},"end":{"line":13,"column":91}},{"start":{"line":13,"column":95},"end":{"line":13,"column":103}}],"line":13}},"s":{"0":2,"1":14,"2":0},"f":{"0":14,"1":0},"b":{"0":[7,7],"1":[0,0]},"_coverageSchema":"1a1c01bbd47fc00a2c39e90264f33305004495a9","hash":"a93c13b5ca404a7259cf21f8b772a94d392bde6a"}
,"C:\\Users\\Uladzislau_Shastakou\\training_projects\\epam-react\\src\\components\\common\\ErrorBoundary\\ErrorBoundary.tsx": {"path":"C:\\Users\\Uladzislau_Shastakou\\training_projects\\epam-react\\src\\components\\common\\ErrorBoundary\\ErrorBoundary.tsx","statementMap":{"0":{"start":{"line":12,"column":26},"end":{"line":14,"column":5}},"1":{"start":{"line":17,"column":8},"end":{"line":17,"column":32}},"2":{"start":{"line":21,"column":8},"end":{"line":21,"column":59}},"3":{"start":{"line":25,"column":8},"end":{"line":27,"column":9}},"4":{"start":{"line":26,"column":12},"end":{"line":26,"column":55}},"5":{"start":{"line":29,"column":8},"end":{"line":29,"column":35}}},"fnMap":{"0":{"name":"(anonymous_0)","decl":{"start":{"line":16,"column":4},"end":{"line":16,"column":5}},"loc":{"start":{"line":16,"column":52},"end":{"line":18,"column":5}},"line":16},"1":{"name":"(anonymous_1)","decl":{"start":{"line":20,"column":4},"end":{"line":20,"column":5}},"loc":{"start":{"line":20,"column":71},"end":{"line":22,"column":5}},"line":20},"2":{"name":"(anonymous_2)","decl":{"start":{"line":24,"column":4},"end":{"line":24,"column":5}},"loc":{"start":{"line":24,"column":31},"end":{"line":30,"column":5}},"line":24}},"branchMap":{"0":{"loc":{"start":{"line":25,"column":8},"end":{"line":27,"column":9}},"type":"if","locations":[{"start":{"line":25,"column":8},"end":{"line":27,"column":9}},{"start":{"line":25,"column":8},"end":{"line":27,"column":9}}],"line":25}},"s":{"0":1,"1":0,"2":0,"3":1,"4":0,"5":1},"f":{"0":0,"1":0,"2":1},"b":{"0":[0,1]},"_coverageSchema":"1a1c01bbd47fc00a2c39e90264f33305004495a9","hash":"f9ad2c4290280e2017882627602e677b03483fba"}
,"C:\\Users\\Uladzislau_Shastakou\\training_projects\\epam-react\\src\\components\\common\\Modal\\Modal.tsx": {"path":"C:\\Users\\Uladzislau_Shastakou\\training_projects\\epam-react\\src\\components\\common\\Modal\\Modal.tsx","statementMap":{"0":{"start":{"line":4,"column":18},"end":{"line":4,"column":52}},"1":{"start":{"line":10,"column":51},"end":{"line":33,"column":1}},"2":{"start":{"line":11,"column":20},"end":{"line":11,"column":49}},"3":{"start":{"line":13,"column":4},"end":{"line":23,"column":7}},"4":{"start":{"line":14,"column":8},"end":{"line":16,"column":9}},"5":{"start":{"line":15,"column":12},"end":{"line":15,"column":43}},"6":{"start":{"line":18,"column":8},"end":{"line":22,"column":9}},"7":{"start":{"line":19,"column":12},"end":{"line":21,"column":13}},"8":{"start":{"line":20,"column":16},"end":{"line":20,"column":47}},"9":{"start":{"line":25,"column":4},"end":{"line":32,"column":19}}},"fnMap":{"0":{"name":"(anonymous_0)","decl":{"start":{"line":10,"column":51},"end":{"line":10,"column":52}},"loc":{"start":{"line":10,"column":76},"end":{"line":33,"column":1}},"line":10},"1":{"name":"(anonymous_1)","decl":{"start":{"line":13,"column":14},"end":{"line":13,"column":15}},"loc":{"start":{"line":13,"column":20},"end":{"line":23,"column":5}},"line":13},"2":{"name":"(anonymous_2)","decl":{"start":{"line":18,"column":15},"end":{"line":18,"column":16}},"loc":{"start":{"line":18,"column":21},"end":{"line":22,"column":9}},"line":18}},"branchMap":{"0":{"loc":{"start":{"line":14,"column":8},"end":{"line":16,"column":9}},"type":"if","locations":[{"start":{"line":14,"column":8},"end":{"line":16,"column":9}},{"start":{"line":14,"column":8},"end":{"line":16,"column":9}}],"line":14},"1":{"loc":{"start":{"line":19,"column":12},"end":{"line":21,"column":13}},"type":"if","locations":[{"start":{"line":19,"column":12},"end":{"line":21,"column":13}},{"start":{"line":19,"column":12},"end":{"line":21,"column":13}}],"line":19}},"s":{"0":1,"1":1,"2":0,"3":0,"4":0,"5":0,"6":0,"7":0,"8":0,"9":0},"f":{"0":0,"1":0,"2":0},"b":{"0":[0,0],"1":[0,0]},"_coverageSchema":"1a1c01bbd47fc00a2c39e90264f33305004495a9","hash":"312fa0cdaf6a1d61f43f12dcc166988f62c6c282"}
,"C:\\Users\\Uladzislau_Shastakou\\training_projects\\epam-react\\src\\constants\\api-config.ts": {"path":"C:\\Users\\Uladzislau_Shastakou\\training_projects\\epam-react\\src\\constants\\api-config.ts","statementMap":{"0":{"start":{"line":1,"column":23},"end":{"line":1,"column":46}}},"fnMap":{},"branchMap":{},"s":{"0":3},"f":{},"b":{},"_coverageSchema":"1a1c01bbd47fc00a2c39e90264f33305004495a9","hash":"38832b9491b714ba07053313a8179ca7b6c5cd18"}
,"C:\\Users\\Uladzislau_Shastakou\\training_projects\\epam-react\\src\\custom-hooks\\modal.hook.tsx": {"path":"C:\\Users\\Uladzislau_Shastakou\\training_projects\\epam-react\\src\\custom-hooks\\modal.hook.tsx","statementMap":{"0":{"start":{"line":4,"column":38},"end":{"line":4,"column":53}},"1":{"start":{"line":6,"column":24},"end":{"line":8,"column":5}},"2":{"start":{"line":7,"column":8},"end":{"line":7,"column":33}},"3":{"start":{"line":10,"column":4},"end":{"line":10,"column":36}}},"fnMap":{"0":{"name":"useModal","decl":{"start":{"line":3,"column":16},"end":{"line":3,"column":24}},"loc":{"start":{"line":3,"column":50},"end":{"line":11,"column":1}},"line":3},"1":{"name":"(anonymous_1)","decl":{"start":{"line":6,"column":24},"end":{"line":6,"column":25}},"loc":{"start":{"line":6,"column":30},"end":{"line":8,"column":5}},"line":6}},"branchMap":{},"s":{"0":1,"1":1,"2":0,"3":1},"f":{"0":1,"1":0},"b":{},"_coverageSchema":"1a1c01bbd47fc00a2c39e90264f33305004495a9","hash":"50c1dfb08846f7bad2cf5aeffb00f1b2b8602426"}
,"C:\\Users\\Uladzislau_Shastakou\\training_projects\\epam-react\\src\\models\\sort.model.ts": {"path":"C:\\Users\\Uladzislau_Shastakou\\training_projects\\epam-react\\src\\models\\sort.model.ts","statementMap":{},"fnMap":{},"branchMap":{},"s":{},"f":{},"b":{},"_coverageSchema":"1a1c01bbd47fc00a2c39e90264f33305004495a9","hash":"109378f98e1ec5c844481b89473ee8c64784dc77"}
,"C:\\Users\\Uladzislau_Shastakou\\training_projects\\epam-react\\src\\store\\store.ts": {"path":"C:\\Users\\Uladzislau_Shastakou\\training_projects\\epam-react\\src\\store\\store.ts","statementMap":{},"fnMap":{},"branchMap":{},"s":{},"f":{},"b":{},"_coverageSchema":"1a1c01bbd47fc00a2c39e90264f33305004495a9","hash":"7412a5668c7bac118ad2d3da30e2d55c154eea14"}
,"C:\\Users\\Uladzislau_Shastakou\\training_projects\\epam-react\\src\\store\\actions\\action-types.ts": {"path":"C:\\Users\\Uladzislau_Shastakou\\training_projects\\epam-react\\src\\store\\actions\\action-types.ts","statementMap":{},"fnMap":{},"branchMap":{},"s":{},"f":{},"b":{},"_coverageSchema":"1a1c01bbd47fc00a2c39e90264f33305004495a9","hash":"d23e853d152d038c0dbb4b74d209ab764b609d76"}
,"C:\\Users\\Uladzislau_Shastakou\\training_projects\\epam-react\\src\\store\\actions\\film-actions.ts": {"path":"C:\\Users\\Uladzislau_Shastakou\\training_projects\\epam-react\\src\\store\\actions\\film-actions.ts","statementMap":{"0":{"start":{"line":11,"column":4},"end":{"line":16,"column":6}},"1":{"start":{"line":12,"column":8},"end":{"line":15,"column":15}},"2":{"start":{"line":14,"column":16},"end":{"line":14,"column":47}},"3":{"start":{"line":20,"column":4},"end":{"line":25,"column":5}},"4":{"start":{"line":21,"column":8},"end":{"line":24,"column":15}},"5":{"start":{"line":23,"column":16},"end":{"line":23,"column":43}},"6":{"start":{"line":29,"column":4},"end":{"line":34,"column":5}},"7":{"start":{"line":30,"column":8},"end":{"line":33,"column":15}},"8":{"start":{"line":32,"column":16},"end":{"line":32,"column":43}},"9":{"start":{"line":38,"column":4},"end":{"line":42,"column":5}},"10":{"start":{"line":39,"column":8},"end":{"line":41,"column":11}},"11":{"start":{"line":40,"column":12},"end":{"line":40,"column":39}},"12":{"start":{"line":46,"column":4},"end":{"line":49,"column":6}},"13":{"start":{"line":53,"column":4},"end":{"line":56,"column":5}},"14":{"start":{"line":60,"column":4},"end":{"line":63,"column":5}}},"fnMap":{"0":{"name":"loadFilmsAsync","decl":{"start":{"line":10,"column":16},"end":{"line":10,"column":30}},"loc":{"start":{"line":10,"column":33},"end":{"line":17,"column":1}},"line":10},"1":{"name":"(anonymous_1)","decl":{"start":{"line":11,"column":11},"end":{"line":11,"column":12}},"loc":{"start":{"line":11,"column":46},"end":{"line":16,"column":5}},"line":11},"2":{"name":"(anonymous_2)","decl":{"start":{"line":13,"column":18},"end":{"line":13,"column":19}},"loc":{"start":{"line":13,"column":61},"end":{"line":15,"column":13}},"line":13},"3":{"name":"createFilmAsync","decl":{"start":{"line":19,"column":16},"end":{"line":19,"column":31}},"loc":{"start":{"line":19,"column":53},"end":{"line":26,"column":1}},"line":19},"4":{"name":"(anonymous_4)","decl":{"start":{"line":20,"column":11},"end":{"line":20,"column":12}},"loc":{"start":{"line":20,"column":46},"end":{"line":25,"column":5}},"line":20},"5":{"name":"(anonymous_5)","decl":{"start":{"line":22,"column":18},"end":{"line":22,"column":19}},"loc":{"start":{"line":22,"column":24},"end":{"line":24,"column":13}},"line":22},"6":{"name":"updateFilmAsync","decl":{"start":{"line":28,"column":16},"end":{"line":28,"column":31}},"loc":{"start":{"line":28,"column":69},"end":{"line":35,"column":1}},"line":28},"7":{"name":"(anonymous_7)","decl":{"start":{"line":29,"column":11},"end":{"line":29,"column":12}},"loc":{"start":{"line":29,"column":46},"end":{"line":34,"column":5}},"line":29},"8":{"name":"(anonymous_8)","decl":{"start":{"line":31,"column":18},"end":{"line":31,"column":19}},"loc":{"start":{"line":31,"column":24},"end":{"line":33,"column":13}},"line":31},"9":{"name":"deleteFilmAsync","decl":{"start":{"line":37,"column":16},"end":{"line":37,"column":31}},"loc":{"start":{"line":37,"column":48},"end":{"line":43,"column":1}},"line":37},"10":{"name":"(anonymous_10)","decl":{"start":{"line":38,"column":11},"end":{"line":38,"column":12}},"loc":{"start":{"line":38,"column":46},"end":{"line":42,"column":5}},"line":38},"11":{"name":"(anonymous_11)","decl":{"start":{"line":39,"column":69},"end":{"line":39,"column":70}},"loc":{"start":{"line":39,"column":75},"end":{"line":41,"column":9}},"line":39},"12":{"name":"setFilms","decl":{"start":{"line":45,"column":16},"end":{"line":45,"column":24}},"loc":{"start":{"line":45,"column":79},"end":{"line":50,"column":1}},"line":45},"13":{"name":"sortFilms","decl":{"start":{"line":52,"column":16},"end":{"line":52,"column":25}},"loc":{"start":{"line":52,"column":76},"end":{"line":57,"column":1}},"line":52},"14":{"name":"filterFilms","decl":{"start":{"line":59,"column":16},"end":{"line":59,"column":27}},"loc":{"start":{"line":59,"column":68},"end":{"line":64,"column":1}},"line":59}},"branchMap":{},"s":{"0":4,"1":4,"2":4,"3":1,"4":1,"5":1,"6":1,"7":1,"8":1,"9":1,"10":1,"11":1,"12":1,"13":1,"14":1},"f":{"0":4,"1":4,"2":4,"3":1,"4":1,"5":1,"6":1,"7":1,"8":1,"9":1,"10":1,"11":1,"12":1,"13":1,"14":1},"b":{},"_coverageSchema":"1a1c01bbd47fc00a2c39e90264f33305004495a9","hash":"dbcf588a003476e2c08f67efc9bd72d63fd4433d"}
,"C:\\Users\\Uladzislau_Shastakou\\training_projects\\epam-react\\src\\store\\reducers\\films-reducer.ts": {"path":"C:\\Users\\Uladzislau_Shastakou\\training_projects\\epam-react\\src\\store\\reducers\\films-reducer.ts","statementMap":{"0":{"start":{"line":6,"column":21},"end":{"line":11,"column":1}},"1":{"start":{"line":13,"column":21},"end":{"line":24,"column":1}},"2":{"start":{"line":14,"column":4},"end":{"line":23,"column":5}},"3":{"start":{"line":16,"column":12},"end":{"line":16,"column":167}},"4":{"start":{"line":18,"column":12},"end":{"line":18,"column":166}},"5":{"start":{"line":20,"column":12},"end":{"line":20,"column":166}},"6":{"start":{"line":22,"column":12},"end":{"line":22,"column":25}}},"fnMap":{"0":{"name":"(anonymous_0)","decl":{"start":{"line":13,"column":21},"end":{"line":13,"column":22}},"loc":{"start":{"line":13,"column":73},"end":{"line":24,"column":1}},"line":13}},"branchMap":{"0":{"loc":{"start":{"line":13,"column":22},"end":{"line":13,"column":42}},"type":"default-arg","locations":[{"start":{"line":13,"column":30},"end":{"line":13,"column":42}}],"line":13},"1":{"loc":{"start":{"line":14,"column":4},"end":{"line":23,"column":5}},"type":"switch","locations":[{"start":{"line":15,"column":8},"end":{"line":16,"column":167}},{"start":{"line":17,"column":8},"end":{"line":18,"column":166}},{"start":{"line":19,"column":8},"end":{"line":20,"column":166}},{"start":{"line":21,"column":8},"end":{"line":22,"column":25}}],"line":14}},"s":{"0":4,"1":4,"2":16,"3":2,"4":2,"5":2,"6":10},"f":{"0":16},"b":{"0":[9],"1":[2,2,2,10]},"_coverageSchema":"1a1c01bbd47fc00a2c39e90264f33305004495a9","hash":"41fddee3a98c2f315c30c3e562d58648fe28f2c2"}
,"C:\\Users\\Uladzislau_Shastakou\\training_projects\\epam-react\\src\\store\\reducers\\index.ts": {"path":"C:\\Users\\Uladzislau_Shastakou\\training_projects\\epam-react\\src\\store\\reducers\\index.ts","statementMap":{},"fnMap":{},"branchMap":{},"s":{},"f":{},"b":{},"_coverageSchema":"1a1c01bbd47fc00a2c39e90264f33305004495a9","hash":"c1123f5e6c7e1027f535d40d3786ab5a94b683d7"}
,"C:\\Users\\Uladzislau_Shastakou\\training_projects\\epam-react\\src\\utils\\preparing-films.ts": {"path":"C:\\Users\\Uladzislau_Shastakou\\training_projects\\epam-react\\src\\utils\\preparing-films.ts","statementMap":{"0":{"start":{"line":5,"column":39},"end":{"line":5,"column":72}},"1":{"start":{"line":6,"column":4},"end":{"line":31,"column":5}},"2":{"start":{"line":8,"column":12},"end":{"line":16,"column":15}},"3":{"start":{"line":9,"column":16},"end":{"line":15,"column":17}},"4":{"start":{"line":10,"column":20},"end":{"line":10,"column":29}},"5":{"start":{"line":11,"column":23},"end":{"line":15,"column":17}},"6":{"start":{"line":12,"column":20},"end":{"line":12,"column":30}},"7":{"start":{"line":14,"column":20},"end":{"line":14,"column":29}},"8":{"start":{"line":18,"column":12},"end":{"line":28,"column":15}},"9":{"start":{"line":19,"column":34},"end":{"line":19,"column":58}},"10":{"start":{"line":20,"column":34},"end":{"line":20,"column":58}},"11":{"start":{"line":21,"column":16},"end":{"line":27,"column":17}},"12":{"start":{"line":22,"column":20},"end":{"line":22,"column":29}},"13":{"start":{"line":23,"column":23},"end":{"line":27,"column":17}},"14":{"start":{"line":24,"column":20},"end":{"line":24,"column":30}},"15":{"start":{"line":26,"column":20},"end":{"line":26,"column":29}},"16":{"start":{"line":30,"column":12},"end":{"line":30,"column":29}},"17":{"start":{"line":35,"column":4},"end":{"line":39,"column":5}},"18":{"start":{"line":36,"column":8},"end":{"line":36,"column":21}},"19":{"start":{"line":38,"column":8},"end":{"line":38,"column":116}},"20":{"start":{"line":38,"column":36},"end":{"line":38,"column":115}},"21":{"start":{"line":38,"column":61},"end":{"line":38,"column":80}}},"fnMap":{"0":{"name":"sortFilmsByField","decl":{"start":{"line":4,"column":16},"end":{"line":4,"column":32}},"loc":{"start":{"line":4,"column":98},"end":{"line":32,"column":1}},"line":4},"1":{"name":"(anonymous_1)","decl":{"start":{"line":8,"column":34},"end":{"line":8,"column":35}},"loc":{"start":{"line":8,"column":52},"end":{"line":16,"column":13}},"line":8},"2":{"name":"(anonymous_2)","decl":{"start":{"line":18,"column":34},"end":{"line":18,"column":35}},"loc":{"start":{"line":18,"column":52},"end":{"line":28,"column":13}},"line":18},"3":{"name":"filterFilmsByGenre","decl":{"start":{"line":34,"column":16},"end":{"line":34,"column":34}},"loc":{"start":{"line":34,"column":95},"end":{"line":40,"column":1}},"line":34},"4":{"name":"(anonymous_4)","decl":{"start":{"line":38,"column":28},"end":{"line":38,"column":29}},"loc":{"start":{"line":38,"column":36},"end":{"line":38,"column":115}},"line":38},"5":{"name":"(anonymous_5)","decl":{"start":{"line":38,"column":52},"end":{"line":38,"column":53}},"loc":{"start":{"line":38,"column":61},"end":{"line":38,"column":80}},"line":38}},"branchMap":{"0":{"loc":{"start":{"line":6,"column":4},"end":{"line":31,"column":5}},"type":"switch","locations":[{"start":{"line":7,"column":8},"end":{"line":16,"column":15}},{"start":{"line":17,"column":8},"end":{"line":28,"column":15}},{"start":{"line":29,"column":8},"end":{"line":30,"column":29}}],"line":6},"1":{"loc":{"start":{"line":9,"column":16},"end":{"line":15,"column":17}},"type":"if","locations":[{"start":{"line":9,"column":16},"end":{"line":15,"column":17}},{"start":{"line":9,"column":16},"end":{"line":15,"column":17}}],"line":9},"2":{"loc":{"start":{"line":11,"column":23},"end":{"line":15,"column":17}},"type":"if","locations":[{"start":{"line":11,"column":23},"end":{"line":15,"column":17}},{"start":{"line":11,"column":23},"end":{"line":15,"column":17}}],"line":11},"3":{"loc":{"start":{"line":21,"column":16},"end":{"line":27,"column":17}},"type":"if","locations":[{"start":{"line":21,"column":16},"end":{"line":27,"column":17}},{"start":{"line":21,"column":16},"end":{"line":27,"column":17}}],"line":21},"4":{"loc":{"start":{"line":23,"column":23},"end":{"line":27,"column":17}},"type":"if","locations":[{"start":{"line":23,"column":23},"end":{"line":27,"column":17}},{"start":{"line":23,"column":23},"end":{"line":27,"column":17}}],"line":23},"5":{"loc":{"start":{"line":35,"column":4},"end":{"line":39,"column":5}},"type":"if","locations":[{"start":{"line":35,"column":4},"end":{"line":39,"column":5}},{"start":{"line":35,"column":4},"end":{"line":39,"column":5}}],"line":35}},"s":{"0":6,"1":6,"2":3,"3":0,"4":0,"5":0,"6":0,"7":0,"8":3,"9":0,"10":0,"11":0,"12":0,"13":0,"14":0,"15":0,"16":0,"17":6,"18":4,"19":2,"20":1,"21":0},"f":{"0":6,"1":0,"2":0,"3":6,"4":1,"5":0},"b":{"0":[3,3,0],"1":[0,0],"2":[0,0],"3":[0,0],"4":[0,0],"5":[4,2]},"_coverageSchema":"1a1c01bbd47fc00a2c39e90264f33305004495a9","hash":"4a56813fe85cc90d86aab8e701c2ae1a7e243636"}
}
