TN:
SF:src\App.tsx
FN:23,(anonymous_0)
FN:81,(anonymous_1)
FNF:2
FNH:2
FNDA:1,(anonymous_0)
FNDA:1,(anonymous_1)
DA:23,1
DA:24,1
DA:25,1
DA:27,1
DA:81,1
DA:82,1
DA:84,1
LF:7
LH:7
BRF:0
BRH:0
end_of_record
TN:
SF:src\components\DeleteFilmForm\DeleteFilmModal.tsx
FN:14,(anonymous_0)
FN:15,(anonymous_1)
FN:24,(anonymous_2)
FN:30,(anonymous_3)
FN:32,(anonymous_4)
FNF:5
FNH:0
FNDA:0,(anonymous_0)
FNDA:0,(anonymous_1)
FNDA:0,(anonymous_2)
FNDA:0,(anonymous_3)
FNDA:0,(anonymous_4)
DA:14,1
DA:15,0
DA:16,0
DA:17,0
DA:19,0
DA:24,0
DA:30,1
DA:31,0
DA:32,0
LF:9
LH:2
BRF:0
BRH:0
end_of_record
TN:
SF:src\components\FilmForm\FilmForm.tsx
FN:32,(anonymous_0)
FN:33,(anonymous_1)
FN:79,(anonymous_2)
FN:81,(anonymous_3)
FN:98,(anonymous_4)
FN:107,(anonymous_5)
FN:109,(anonymous_6)
FN:110,(anonymous_7)
FNF:8
FNH:3
FNDA:2,(anonymous_0)
FNDA:0,(anonymous_1)
FNDA:0,(anonymous_2)
FNDA:6,(anonymous_3)
FNDA:0,(anonymous_4)
FNDA:2,(anonymous_5)
FNDA:0,(anonymous_6)
FNDA:0,(anonymous_7)
DA:16,2
DA:32,2
DA:33,2
DA:34,0
DA:35,0
DA:36,0
DA:46,0
DA:56,0
DA:59,2
DA:79,0
DA:82,6
DA:98,0
DA:107,2
DA:108,2
DA:109,0
DA:110,0
LF:16
LH:7
BRDA:33,0,0,0
BRDA:35,1,0,0
BRDA:35,1,1,0
BRDA:36,2,0,0
BRDA:36,2,1,0
BRDA:62,3,0,2
BRDA:62,3,1,2
BRDA:63,4,0,2
BRDA:63,4,1,2
BRDA:64,5,0,2
BRDA:64,5,1,2
BRDA:65,6,0,2
BRDA:65,6,1,2
BRDA:66,7,0,2
BRDA:66,7,1,2
BRDA:67,8,0,2
BRDA:67,8,1,2
BRDA:68,9,0,2
BRDA:68,9,1,2
BRF:19
BRH:14
end_of_record
TN:
SF:src\components\FilmForm\FillFormInput\FillFormInput.tsx
FN:15,(anonymous_0)
FNF:1
FNH:1
FNDA:36,(anonymous_0)
DA:15,2
DA:16,36
DA:18,36
LF:3
LH:3
BRDA:20,0,0,36
BRDA:20,0,1,36
BRDA:22,1,0,8
BRDA:22,1,1,28
BRDA:22,2,0,36
BRDA:22,2,1,24
BRF:6
BRH:6
end_of_record
TN:
SF:src\components\FilmForm\FillFormSelect\FillFormSelect.tsx
FN:14,(anonymous_0)
FNF:1
FNH:1
FNDA:6,(anonymous_0)
DA:14,2
DA:15,6
DA:16,6
LF:3
LH:3
BRDA:18,0,0,6
BRDA:18,0,1,6
BRDA:20,1,0,2
BRDA:20,1,1,4
BRDA:20,2,0,6
BRDA:20,2,1,4
BRF:6
BRH:6
end_of_record
TN:
SF:src\components\FilmsList\FilmsList.tsx
FN:12,(anonymous_0)
FN:15,(anonymous_1)
FN:17,(anonymous_2)
FN:27,(anonymous_3)
FNF:4
FNH:2
FNDA:1,(anonymous_0)
FNDA:0,(anonymous_1)
FNDA:1,(anonymous_2)
FNDA:0,(anonymous_3)
DA:12,1
DA:13,1
DA:14,1
DA:15,1
DA:17,1
DA:18,1
DA:19,0
DA:23,1
DA:27,0
LF:9
LH:7
BRDA:15,0,0,0
BRDA:15,0,1,0
BRDA:18,1,0,0
BRDA:18,1,1,1
BRDA:18,2,0,1
BRDA:18,2,1,0
BRF:6
BRH:2
end_of_record
TN:
SF:src\components\FilmsList\FilmCard\FilmCard.tsx
FN:18,(anonymous_0)
FN:21,(anonymous_1)
FN:25,(anonymous_2)
FN:31,(anonymous_3)
FN:38,(anonymous_4)
FNF:5
FNH:0
FNDA:0,(anonymous_0)
FNDA:0,(anonymous_1)
FNDA:0,(anonymous_2)
FNDA:0,(anonymous_3)
FNDA:0,(anonymous_4)
DA:18,1
DA:19,0
DA:21,0
DA:22,0
DA:25,0
DA:26,0
DA:29,0
DA:31,0
DA:32,0
DA:33,0
DA:36,0
DA:38,0
DA:39,0
DA:40,0
DA:43,0
LF:15
LH:1
BRDA:68,0,0,0
BRDA:68,0,1,0
BRDA:73,1,0,0
BRDA:73,1,1,0
BRDA:75,2,0,0
BRDA:75,2,1,0
BRF:6
BRH:0
end_of_record
TN:
SF:src\components\Footer\Footer.tsx
FN:5,(anonymous_0)
FNF:1
FNH:1
FNDA:2,(anonymous_0)
DA:5,2
DA:6,2
LF:2
LH:2
BRF:0
BRH:0
end_of_record
TN:
SF:src\components\Header\Header.tsx
FN:5,(anonymous_0)
FNF:1
FNH:1
FNDA:1,(anonymous_0)
DA:5,1
DA:6,1
LF:2
LH:2
BRF:0
BRH:0
end_of_record
TN:
SF:src\components\Header\HeaderFilm\HeaderFilm.tsx
FN:12,(anonymous_0)
FN:17,(anonymous_1)
FNF:2
FNH:0
FNDA:0,(anonymous_0)
FNDA:0,(anonymous_1)
DA:12,1
DA:13,0
DA:17,0
DA:19,0
LF:4
LH:1
BRDA:16,0,0,0
BRDA:16,1,0,0
BRDA:16,2,0,0
BRDA:16,3,0,0
BRDA:16,4,0,0
BRDA:16,5,0,0
BRDA:16,6,0,0
BRDA:17,7,0,0
BRDA:17,7,1,0
BRF:9
BRH:0
end_of_record
TN:
SF:src\components\Header\HeaderSearch\HeaderSearch.tsx
FN:12,(anonymous_0)
FNF:1
FNH:1
FNDA:1,(anonymous_0)
DA:12,1
DA:13,1
DA:14,1
DA:16,1
LF:4
LH:4
BRDA:30,0,0,0
BRDA:30,0,1,1
BRF:2
BRH:1
end_of_record
TN:
SF:src\components\Main\Main.tsx
FN:5,(anonymous_0)
FNF:1
FNH:1
FNDA:1,(anonymous_0)
DA:5,1
DA:6,1
LF:2
LH:2
BRF:0
BRH:0
end_of_record
TN:
SF:src\components\NoFilmsFound\NoFilmsFound.tsx
FN:5,(anonymous_0)
FNF:1
FNH:0
FNDA:0,(anonymous_0)
DA:5,1
DA:6,0
LF:2
LH:1
BRF:0
BRH:0
end_of_record
TN:
SF:src\components\NoMatch\NoMatch.tsx
FN:8,(anonymous_0)
FNF:1
FNH:0
FNDA:0,(anonymous_0)
DA:8,1
DA:9,0
DA:11,0
LF:3
LH:1
BRF:0
BRH:0
end_of_record
TN:
SF:src\components\Search\Search.tsx
FN:10,(anonymous_0)
FN:17,(anonymous_1)
FNF:2
FNH:1
FNDA:1,(anonymous_0)
FNDA:0,(anonymous_1)
DA:10,1
DA:11,1
DA:17,0
LF:3
LH:2
BRF:0
BRH:0
end_of_record
TN:
SF:src\components\SortingFilms\SortingFilms.tsx
FN:29,(anonymous_0)
FN:32,(anonymous_1)
FN:33,(anonymous_2)
FN:38,(anonymous_3)
FN:43,(anonymous_4)
FN:44,(anonymous_5)
FN:49,(anonymous_6)
FN:60,(anonymous_7)
FN:62,(anonymous_8)
FN:63,(anonymous_9)
FNF:10
FNH:2
FNDA:1,(anonymous_0)
FNDA:0,(anonymous_1)
FNDA:0,(anonymous_2)
FNDA:0,(anonymous_3)
FNDA:0,(anonymous_4)
FNDA:0,(anonymous_5)
FNDA:0,(anonymous_6)
FNDA:1,(anonymous_7)
FNDA:0,(anonymous_8)
FNDA:0,(anonymous_9)
DA:16,1
DA:24,1
DA:29,1
DA:30,1
DA:32,1
DA:33,0
DA:35,0
DA:36,0
DA:38,0
DA:41,1
DA:43,1
DA:44,0
DA:46,0
DA:47,0
DA:49,0
DA:52,1
DA:60,1
DA:61,1
DA:62,0
DA:63,0
LF:20
LH:10
BRDA:38,0,0,0
BRDA:38,0,1,0
BRDA:49,1,0,0
BRDA:49,1,1,0
BRF:4
BRH:0
end_of_record
TN:
SF:src\components\SortingFilms\SortingByDate\Filter.tsx
FN:16,(anonymous_0)
FN:20,(anonymous_1)
FN:21,(anonymous_2)
FN:24,(anonymous_3)
FNF:4
FNH:3
FNDA:1,(anonymous_0)
FNDA:1,(anonymous_1)
FNDA:0,(anonymous_2)
FNDA:2,(anonymous_3)
DA:16,1
DA:17,1
DA:20,1
DA:21,0
DA:24,2
LF:5
LH:4
BRF:0
BRH:0
end_of_record
TN:
SF:src\components\SortingFilms\SortingByGenre\SortingByGenre.tsx
FN:16,(anonymous_0)
FN:18,(anonymous_1)
FN:18,(anonymous_2)
FNF:3
FNH:2
FNDA:1,(anonymous_0)
FNDA:5,(anonymous_1)
FNDA:0,(anonymous_2)
DA:16,1
DA:17,1
DA:18,5
LF:3
LH:3
BRDA:18,0,0,1
BRDA:18,0,1,4
BRF:2
BRH:2
end_of_record
TN:
SF:src\components\Wrapper\Wrapper.tsx
FN:5,(anonymous_0)
FNF:1
FNH:1
FNDA:1,(anonymous_0)
DA:5,1
DA:6,1
LF:2
LH:2
BRF:0
BRH:0
end_of_record
TN:
SF:src\components\common\Button\Button.tsx
FN:12,(anonymous_0)
FN:13,(anonymous_1)
FNF:2
FNH:1
FNDA:14,(anonymous_0)
FNDA:0,(anonymous_1)
DA:12,2
DA:13,14
LF:2
LH:2
BRDA:13,0,0,7
BRDA:13,0,1,7
BRDA:13,1,0,0
BRDA:13,1,1,0
BRF:4
BRH:2
end_of_record
TN:
SF:src\components\common\ErrorBoundary\ErrorBoundary.tsx
FN:16,(anonymous_0)
FN:20,(anonymous_1)
FN:24,(anonymous_2)
FNF:3
FNH:1
FNDA:0,(anonymous_0)
FNDA:0,(anonymous_1)
FNDA:1,(anonymous_2)
DA:12,1
DA:17,0
DA:21,0
DA:25,1
DA:26,0
DA:29,1
LF:6
LH:3
BRDA:25,0,0,0
BRDA:25,0,1,1
BRF:2
BRH:1
end_of_record
TN:
SF:src\components\common\Modal\Modal.tsx
FN:10,(anonymous_0)
FN:13,(anonymous_1)
FN:18,(anonymous_2)
FNF:3
FNH:0
FNDA:0,(anonymous_0)
FNDA:0,(anonymous_1)
FNDA:0,(anonymous_2)
DA:4,1
DA:10,1
DA:11,0
DA:13,0
DA:14,0
DA:15,0
DA:18,0
DA:19,0
DA:20,0
DA:25,0
LF:10
LH:2
BRDA:14,0,0,0
BRDA:14,0,1,0
BRDA:19,1,0,0
BRDA:19,1,1,0
BRF:4
BRH:0
end_of_record
TN:
SF:src\constants\api-config.ts
FNF:0
FNH:0
DA:1,3
LF:1
LH:1
BRF:0
BRH:0
end_of_record
TN:
SF:src\custom-hooks\modal.hook.tsx
FN:3,useModal
FN:6,(anonymous_1)
FNF:2
FNH:1
FNDA:1,useModal
FNDA:0,(anonymous_1)
DA:4,1
DA:6,1
DA:7,0
DA:10,1
LF:4
LH:3
BRF:0
BRH:0
end_of_record
TN:
SF:src\models\sort.model.ts
FNF:0
FNH:0
LF:0
LH:0
BRF:0
BRH:0
end_of_record
TN:
SF:src\store\store.ts
FNF:0
FNH:0
LF:0
LH:0
BRF:0
BRH:0
end_of_record
TN:
SF:src\store\actions\action-types.ts
FNF:0
FNH:0
LF:0
LH:0
BRF:0
BRH:0
end_of_record
TN:
SF:src\store\actions\film-actions.ts
FN:10,loadFilmsAsync
FN:11,(anonymous_1)
FN:13,(anonymous_2)
FN:19,createFilmAsync
FN:20,(anonymous_4)
FN:22,(anonymous_5)
FN:28,updateFilmAsync
FN:29,(anonymous_7)
FN:31,(anonymous_8)
FN:37,deleteFilmAsync
FN:38,(anonymous_10)
FN:39,(anonymous_11)
FN:45,setFilms
FN:52,sortFilms
FN:59,filterFilms
FNF:15
FNH:15
FNDA:4,loadFilmsAsync
FNDA:4,(anonymous_1)
FNDA:4,(anonymous_2)
FNDA:1,createFilmAsync
FNDA:1,(anonymous_4)
FNDA:1,(anonymous_5)
FNDA:1,updateFilmAsync
FNDA:1,(anonymous_7)
FNDA:1,(anonymous_8)
FNDA:1,deleteFilmAsync
FNDA:1,(anonymous_10)
FNDA:1,(anonymous_11)
FNDA:1,setFilms
FNDA:1,sortFilms
FNDA:1,filterFilms
DA:11,4
DA:12,4
DA:14,4
DA:20,1
DA:21,1
DA:23,1
DA:29,1
DA:30,1
DA:32,1
DA:38,1
DA:39,1
DA:40,1
DA:46,1
DA:53,1
DA:60,1
LF:15
LH:15
BRF:0
BRH:0
end_of_record
TN:
SF:src\store\reducers\films-reducer.ts
FN:13,(anonymous_0)
FNF:1
FNH:1
FNDA:16,(anonymous_0)
DA:6,4
DA:13,4
DA:14,16
DA:16,2
DA:18,2
DA:20,2
DA:22,10
LF:7
LH:7
BRDA:13,0,0,9
BRDA:14,1,0,2
BRDA:14,1,1,2
BRDA:14,1,2,2
BRDA:14,1,3,10
BRF:5
BRH:5
end_of_record
TN:
SF:src\store\reducers\index.ts
FNF:0
FNH:0
LF:0
LH:0
BRF:0
BRH:0
end_of_record
TN:
SF:src\utils\preparing-films.ts
FN:4,sortFilmsByField
FN:8,(anonymous_1)
FN:18,(anonymous_2)
FN:34,filterFilmsByGenre
FN:38,(anonymous_4)
FN:38,(anonymous_5)
FNF:6
FNH:3
FNDA:6,sortFilmsByField
FNDA:0,(anonymous_1)
FNDA:0,(anonymous_2)
FNDA:6,filterFilmsByGenre
FNDA:1,(anonymous_4)
FNDA:0,(anonymous_5)
DA:5,6
DA:6,6
DA:8,3
DA:9,0
DA:10,0
DA:11,0
DA:12,0
DA:14,0
DA:18,3
DA:19,0
DA:20,0
DA:21,0
DA:22,0
DA:23,0
DA:24,0
DA:26,0
DA:30,0
DA:35,6
DA:36,4
DA:38,2
LF:20
LH:7
BRDA:6,0,0,3
BRDA:6,0,1,3
BRDA:6,0,2,0
BRDA:9,1,0,0
BRDA:9,1,1,0
BRDA:11,2,0,0
BRDA:11,2,1,0
BRDA:21,3,0,0
BRDA:21,3,1,0
BRDA:23,4,0,0
BRDA:23,4,1,0
BRDA:35,5,0,4
BRDA:35,5,1,2
BRF:13
BRH:4
end_of_record
